TN:
SF:electron/security/rate-limiter.ts
FN:19,(anonymous_1)
FN:27,(anonymous_2)
FN:32,(anonymous_3)
FN:49,(anonymous_4)
FN:56,(anonymous_5)
FN:59,(anonymous_6)
FN:65,(anonymous_7)
FN:72,(anonymous_8)
FN:77,(anonymous_9)
FN:95,(anonymous_10)
FN:100,(anonymous_11)
FN:114,(anonymous_12)
FN:126,createRateLimiter
FNF:13
FNH:3
FNDA:0,(anonymous_1)
FNDA:1026,(anonymous_2)
FNDA:500531,(anonymous_3)
FNDA:0,(anonymous_4)
FNDA:0,(anonymous_5)
FNDA:0,(anonymous_6)
FNDA:0,(anonymous_7)
FNDA:0,(anonymous_8)
FNDA:0,(anonymous_9)
FNDA:0,(anonymous_10)
FNDA:0,(anonymous_11)
FNDA:2,(anonymous_12)
FNDA:0,createRateLimiter
DA:11,1
DA:12,7
DA:15,7
DA:16,7
DA:19,7
DA:28,1026
DA:29,1026
DA:32,500531
DA:34,1026
DA:35,7
DA:36,7
DA:40,1019
DA:41,1019
DA:43,1019
DA:50,0
DA:57,0
DA:58,0
DA:59,0
DA:66,0
DA:73,0
DA:74,0
DA:76,0
DA:77,0
DA:79,0
DA:80,0
DA:81,0
DA:83,0
DA:87,0
DA:88,0
DA:96,0
DA:97,0
DA:99,0
DA:100,0
DA:103,0
DA:113,1
DA:116,2
DA:118,2
DA:119,2
DA:126,1
DA:130,0
DA:136,1
LF:41
LH:20
BRDA:15,0,0,0
BRDA:16,1,0,0
BRDA:29,2,0,1026
BRDA:29,2,1,8
BRDA:34,3,0,7
BRDA:34,3,1,1019
BRDA:58,4,0,0
BRDA:58,4,1,0
BRDA:79,5,0,0
BRDA:79,5,1,0
BRDA:87,6,0,0
BRDA:87,6,1,0
BRDA:115,7,0,0
BRF:13
BRH:4
end_of_record
TN:
SF:electron/validation/schemas.ts
FN:26,(anonymous_0)
FN:124,(anonymous_1)
FN:125,(anonymous_2)
FN:126,(anonymous_3)
FN:157,(anonymous_4)
FN:159,(anonymous_5)
FN:160,(anonymous_6)
FN:168,(anonymous_7)
FNF:8
FNH:4
FNDA:0,(anonymous_0)
FNDA:5,(anonymous_1)
FNDA:7,(anonymous_2)
FNDA:6,(anonymous_3)
FNDA:0,(anonymous_4)
FNDA:0,(anonymous_5)
FNDA:0,(anonymous_6)
FNDA:5,(anonymous_7)
DA:1,1
DA:10,1
DA:15,1
DA:19,1
DA:25,1
DA:26,0
DA:30,1
DA:36,1
DA:46,1
DA:48,1
DA:55,1
DA:62,1
DA:66,1
DA:72,1
DA:76,1
DA:88,1
DA:90,1
DA:100,1
DA:106,1
DA:115,1
DA:121,1
DA:125,7
DA:126,6
DA:131,1
DA:158,0
DA:159,0
DA:160,0
DA:170,5
DA:171,1
DA:174,4
DA:176,1
DA:178,3
DA:185,1
DA:187,1
DA:195,1
DA:197,1
LF:36
LH:32
BRDA:158,0,0,0
BRDA:158,0,1,0
BRDA:158,1,0,0
BRDA:158,1,1,0
BRDA:170,2,0,1
BRDA:170,2,1,4
BRDA:170,3,0,5
BRDA:170,3,1,4
BRDA:170,3,2,4
BRDA:174,4,0,1
BRDA:174,4,1,3
BRDA:174,5,0,4
BRDA:174,5,1,3
BRDA:174,5,2,1
BRDA:174,5,3,1
BRF:15
BRH:11
end_of_record
TN:
SF:electron/validation/validator.ts
FN:7,(anonymous_0)
FN:15,(anonymous_1)
FN:29,(anonymous_2)
FN:41,validate
FN:62,safeValidate
FNF:5
FNH:5
FNDA:5,(anonymous_0)
FNDA:1,(anonymous_1)
FNDA:1,(anonymous_2)
FNDA:5,validate
FNDA:2,safeValidate
DA:1,1
DA:6,1
DA:7,5
DA:8,5
DA:9,5
DA:16,1
DA:18,1
DA:19,2
DA:20,2
DA:23,1
DA:30,1
DA:41,1
DA:42,5
DA:43,5
DA:45,4
DA:46,4
DA:50,4
DA:52,0
DA:62,1
DA:66,2
DA:67,2
DA:68,1
DA:70,1
DA:71,1
DA:73,0
LF:25
LH:23
BRDA:30,0,0,1
BRDA:30,0,1,0
BRDA:45,1,0,4
BRDA:45,1,1,0
BRDA:70,2,0,1
BRDA:70,2,1,0
BRF:6
BRH:3
end_of_record
